Warning: Deprecated: Command 'write_flash' is deprecated. Use 'write-flash' instead.
esptool v5.2.0
Serial port COM9:
Connecting...
Connected to ESP32-S3 on COM9:
Chip type:          ESP32-S3-PICO-1 (LGA56) (revision v0.2)
Features:           Wi-Fi, BT 5 (LE), Dual Core + LP Core, 240MHz, Embedded Flash 8MB (GD), Embedded PSRAM 8MB (AP_3v3)
Crystal frequency:  40MHz
USB mode:           USB-Serial/JTAG
MAC:                70:04:1d:db:ab:b8

Uploading stub flasher...
Running stub flasher...
Stub flasher running.
Changing baud rate to 921600...
Changed.

Configuring flash size...
Flash will be erased from 0x00000000 to 0x00021fff...
Compressed 137420 bytes to 50978...

Writing at 0x00000000 [                              ]   0.0% 0/50978 bytes... 

Writing at 0x00006490 [========>                     ]  32.1% 16384/50978 bytes... 

Writing at 0x0000cdd2 [==================>           ]  64.3% 32768/50978 bytes... 

Writing at 0x00020c2d [===========================>  ]  96.4% 49152/50978 bytes... 

Writing at 0x000218cc [==============================] 100.0% 50978/50978 bytes... 
Wrote 137420 bytes (50978 compressed) at 0x00000000 in 0.9 seconds (1274.3 kbit/s).
Verifying written data...
Hash of data verified.

Hard resetting via RTS pin...
