Warning: Deprecated: Choice 'watchdog_reset' for option '--after' is deprecated. Use 'watchdog-reset' instead.
esptool v5.2.0
Serial port COM9:
Connecting...
Connected to ESP32-S3 on COM9:
Chip type:          ESP32-S3-PICO-1 (LGA56) (revision v0.2)
Features:           Wi-Fi, BT 5 (LE), Dual Core + LP Core, 240MHz, Embedded Flash 8MB (GD), Embedded PSRAM 8MB (AP_3v3)
Crystal frequency:  40MHz
USB mode:           USB-Serial/JTAG
MAC:                70:04:1d:db:ab:b8

Uploading stub flasher...
Running stub flasher...
Stub flasher running.

Flash Memory Information:
=========================
Manufacturer: c8
Device: 4017
Detected flash size: 8MB
Flash type set in eFuse: quad (4 data lines)
Flash voltage set by eFuse: 3.3V

Hard resetting with a watchdog...
