Warning: Deprecated: Choice 'watchdog_reset' for option '--after' is deprecated. Use 'watchdog-reset' instead.
Warning: Deprecated: Command 'write_flash' is deprecated. Use 'write-flash' instead.
esptool v5.2.0
Serial port COM9:
Connecting...
Connected to ESP32-S3 on COM9:
Chip type:          ESP32-S3-PICO-1 (LGA56) (revision v0.2)
Features:           Wi-Fi, BT 5 (LE), Dual Core + LP Core, 240MHz, Embedded Flash 8MB (GD), Embedded PSRAM 8MB (AP_3v3)
Crystal frequency:  40MHz
USB mode:           USB-Serial/JTAG
MAC:                70:04:1d:db:ab:b8

Uploading stub flasher...
Running stub flasher...
Stub flasher running.
Changing baud rate to 921600...
Changed.

Configuring flash size...
Flash will be erased from 0x00000000 to 0x00021fff...
Compressed 137424 bytes to 51042...

Writing at 0x00000000 [                              ]   0.0% 0/51042 bytes... 

Writing at 0x00006474 [========>                     ]  32.1% 16384/51042 bytes... 

Writing at 0x0000cdc0 [==================>           ]  64.2% 32768/51042 bytes... 

Writing at 0x00020be3 [===========================>  ]  96.3% 49152/51042 bytes... 

Writing at 0x000218d0 [==============================] 100.0% 51042/51042 bytes... 
Wrote 137424 bytes (51042 compressed) at 0x00000000 in 0.8 seconds (1318.7 kbit/s).
Verifying written data...
Hash of data verified.

Hard resetting with a watchdog...
