esptool v5.2.0
Serial port COM9:
Connecting...
Connected to ESP32-S3 on COM9:
Chip type:          ESP32-S3-PICO-1 (LGA56) (revision v0.2)
Features:           Wi-Fi, BT 5 (LE), Dual Core + LP Core, 240MHz, Embedded Flash 8MB (GD), Embedded PSRAM 8MB (AP_3v3)
Crystal frequency:  40MHz
USB mode:           USB-Serial/JTAG
MAC:                70:04:1d:db:ab:b8

Uploading stub flasher...
Running stub flasher...
Stub flasher running.
Changing baud rate to 921600...
Changed.

Configuring flash size...
Flash will be erased from 0x00000000 to 0x00023fff...
Compressed 145136 bytes to 75213...

Writing at 0x00000000 [                              ]   0.0% 0/75213 bytes... 

Writing at 0x000071c7 [=====>                        ]  21.8% 16384/75213 bytes... 

Writing at 0x0000d679 [============>                 ]  43.6% 32768/75213 bytes... 

Writing at 0x00014c9b [==================>           ]  65.4% 49152/75213 bytes... 

Writing at 0x0001a462 [=========================>    ]  87.1% 65536/75213 bytes... 

Writing at 0x000236f0 [==============================] 100.0% 75213/75213 bytes... 
Wrote 145136 bytes (75213 compressed) at 0x00000000 in 1.0 seconds (1158.6 kbit/s).
Verifying written data...
Hash of data verified.

Hard resetting with a watchdog...

